/dfs9/tw/yuanmis1/vmd/lib/vmd//vmd_LINUXAMD64: /lib64/libGL.so.1: no version information available (required by /dfs9/tw/yuanmis1/vmd/lib/vmd//vmd_LINUXAMD64)
Info) VMD for LINUXAMD64, version 1.9.3 (November 30, 2016)
Info) http://www.ks.uiuc.edu/Research/vmd/                         
Info) Email questions and bug reports to vmd@ks.uiuc.edu           
Info) Please include this reference in published work using VMD:   
Info)    Humphrey, W., Dalke, A. and Schulten, K., `VMD - Visual   
Info)    Molecular Dynamics', J. Molec. Graphics 1996, 14.1, 33-38.
Info) -------------------------------------------------------------
Info) Multithreading available, 40 CPUs detected.
Info)   CPU features: SSE2 AVX AVX2 FMA KNL:AVX-512F+CD+ER+PF 
Info) Free system memory: 169GB (90%)
Info) No CUDA accelerator devices available.
Info) Dynamically loaded 2 plugins in directory:
Info) /dfs9/tw/yuanmis1/vmd/lib/vmd/plugins/LINUXAMD64/molfile
G
C
G
/dfs9/tw/yuanmis1/mrsec/ML-MD-Peptide/AA_template_dimer_C3
1.6.4
psfgen) aliasing residue HIS to HSD

    A ALA
    R ARG
    N ASN
    D ASP
    C CYS
    E GLU
    Q GLN
    G GLY
    H HSD
    I ILE
    L LEU
    K LYS
    M MET
    F PHE
    P PRO
    S SER
    T THR
    W TRP
    Y TYR
    V VAL

0
-1
GLY
CYS
GLY
psfgen) reading topology file /dfs9/tw/yuanmis1/mrsec/ff/toppar_c36_jul22/top_all36_prot.rtf

psfgen) >>>>>>>>CHARMM36 All-Hydrogen Topology File for Proteins <<<<<<
psfgen) >>>>> Includes phi, psi cross term map (CMAP) correction <<<<<<<
psfgen) >>>>>>>>>>>>>>>>>>>>>>>>>> May 2011 <<<<<<<<<<<<<<<<<<<<<<<<<<<<
psfgen)  All comments to the CHARMM web site: www.charmm.org
psfgen)              parameter set discussion forum
psfgen) 
psfgen) Created by CHARMM version 36 1
psfgen) ERROR!  Failed to parse autogenerate statement.  Line 93: AUTO ANGLES DIHE PATCH

psfgen) cross-term entries present in topology definitions
psfgen) building segment A
psfgen) reading residues from pdb file /dfs9/tw/yuanmis1/mrsec/ML-MD-Peptide/AA_template_dimer_C3/AA_tripeptide_dimer_template_A.pdb
psfgen) extracted 3 residues from pdb file
psfgen) mutating residue 1 from PHE to GLY
psfgen) mutating residue 2 from PHE to CYS
psfgen) mutating residue 3 from CYS to GLY
psfgen) Info: generating structure...psfgen) Info: skipping improper N-C-CA-HN at beginning of segment.
psfgen) Info: skipping cross-term C-N-CA-C-N-CA-C-N at beginning of segment.
psfgen) Info: skipping conformation C-N-CA-C at beginning of segment.
psfgen) Info: skipping conformation C-CA-N-HN at beginning of segment.
psfgen) Info: skipping bond C-N at end of segment.
psfgen) Info: skipping improper C-CA-N-O at end of segment.
psfgen) Info: skipping cross-term C-N-CA-C-N-CA-C-N at end of segment.
psfgen) Info: skipping conformation CA-C-N-CA at end of segment.
psfgen) Info: skipping conformation N-CA-C-O at end of segment.
psfgen) Info: skipping conformation N-CA-C-N at end of segment.
segment complete.
psfgen) regenerating all angles
psfgen) regenerating all dihedrals
psfgen) reading coordinates from pdb file /dfs9/tw/yuanmis1/mrsec/ML-MD-Peptide/AA_template_dimer_C3/AA_tripeptide_dimer_template_A.pdb for segment A
psfgen) Warning: failed to set coordinate for atom HA	 PHE:1	  A
psfgen) Warning: failed to set coordinate for atom CB	 PHE:1	  A
psfgen) Warning: failed to set coordinate for atom HB1	 PHE:1	  A
psfgen) Warning: failed to set coordinate for atom HB2	 PHE:1	  A
psfgen) Warning: failed to set coordinate for atom CG	 PHE:1	  A
psfgen) Warning: failed to set coordinate for atom CD1	 PHE:1	  A
psfgen) Warning: failed to set coordinate for atom HD1	 PHE:1	  A
psfgen) Warning: failed to set coordinate for atom CE1	 PHE:1	  A
psfgen) Warning: failed to set coordinate for atom HE1	 PHE:1	  A
psfgen) Warning: failed to set coordinate for atom CZ	 PHE:1	  A
psfgen) Warning: failed to set coordinate for atom HZ	 PHE:1	  A
psfgen) Warning: failed to set coordinate for atom CD2	 PHE:1	  A
psfgen) Warning: failed to set coordinate for atom HD2	 PHE:1	  A
psfgen) Warning: failed to set coordinate for atom CE2	 PHE:1	  A
psfgen) Warning: failed to set coordinate for atom HE2	 PHE:1	  A
psfgen) Warning: failed to set coordinate for atom CG	 PHE:2	  A
psfgen) Warning: failed to set coordinate for atom CD1	 PHE:2	  A
psfgen) Warning: failed to set coordinate for atom HD1	 PHE:2	  A
psfgen) Warning: failed to set coordinate for atom CE1	 PHE:2	  A
psfgen) Warning: failed to set coordinate for atom HE1	 PHE:2	  A
psfgen) Warning: failed to set coordinate for atom CZ	 PHE:2	  A
psfgen) Warning: failed to set coordinate for atom HZ	 PHE:2	  A
psfgen) Warning: failed to set coordinate for atom CD2	 PHE:2	  A
psfgen) Warning: failed to set coordinate for atom HD2	 PHE:2	  A
psfgen) Warning: failed to set coordinate for atom CE2	 PHE:2	  A
psfgen) Warning: failed to set coordinate for atom HE2	 PHE:2	  A
psfgen) Warning: failed to set coordinate for atom HA	 CYS:3	  A
psfgen) Warning: failed to set coordinate for atom CB	 CYS:3	  A
psfgen) Warning: failed to set coordinate for atom HB1	 CYS:3	  A
psfgen) Warning: failed to set coordinate for atom HB2	 CYS:3	  A
psfgen) Warning: failed to set coordinate for atom SG	 CYS:3	  A
psfgen) building segment B
psfgen) reading residues from pdb file /dfs9/tw/yuanmis1/mrsec/ML-MD-Peptide/AA_template_dimer_C3/AA_tripeptide_dimer_template_B.pdb
psfgen) extracted 3 residues from pdb file
psfgen) mutating residue 1 from PHE to GLY
psfgen) mutating residue 2 from PHE to CYS
psfgen) mutating residue 3 from CYS to GLY
psfgen) Info: generating structure...psfgen) Info: skipping improper N-C-CA-HN at beginning of segment.
psfgen) Info: skipping cross-term C-N-CA-C-N-CA-C-N at beginning of segment.
psfgen) Info: skipping conformation C-N-CA-C at beginning of segment.
psfgen) Info: skipping conformation C-CA-N-HN at beginning of segment.
psfgen) Info: skipping bond C-N at end of segment.
psfgen) Info: skipping improper C-CA-N-O at end of segment.
psfgen) Info: skipping cross-term C-N-CA-C-N-CA-C-N at end of segment.
psfgen) Info: skipping conformation CA-C-N-CA at end of segment.
psfgen) Info: skipping conformation N-CA-C-O at end of segment.
psfgen) Info: skipping conformation N-CA-C-N at end of segment.
segment complete.
psfgen) regenerating all angles
psfgen) regenerating all dihedrals
psfgen) reading coordinates from pdb file /dfs9/tw/yuanmis1/mrsec/ML-MD-Peptide/AA_template_dimer_C3/AA_tripeptide_dimer_template_B.pdb for segment B
psfgen) Warning: failed to set coordinate for atom HA	 PHE:1	  B
psfgen) Warning: failed to set coordinate for atom CB	 PHE:1	  B
psfgen) Warning: failed to set coordinate for atom HB1	 PHE:1	  B
psfgen) Warning: failed to set coordinate for atom HB2	 PHE:1	  B
psfgen) Warning: failed to set coordinate for atom CG	 PHE:1	  B
psfgen) Warning: failed to set coordinate for atom CD1	 PHE:1	  B
psfgen) Warning: failed to set coordinate for atom HD1	 PHE:1	  B
psfgen) Warning: failed to set coordinate for atom CE1	 PHE:1	  B
psfgen) Warning: failed to set coordinate for atom HE1	 PHE:1	  B
psfgen) Warning: failed to set coordinate for atom CZ	 PHE:1	  B
psfgen) Warning: failed to set coordinate for atom HZ	 PHE:1	  B
psfgen) Warning: failed to set coordinate for atom CD2	 PHE:1	  B
psfgen) Warning: failed to set coordinate for atom HD2	 PHE:1	  B
psfgen) Warning: failed to set coordinate for atom CE2	 PHE:1	  B
psfgen) Warning: failed to set coordinate for atom HE2	 PHE:1	  B
psfgen) Warning: failed to set coordinate for atom CG	 PHE:2	  B
psfgen) Warning: failed to set coordinate for atom CD1	 PHE:2	  B
psfgen) Warning: failed to set coordinate for atom HD1	 PHE:2	  B
psfgen) Warning: failed to set coordinate for atom CE1	 PHE:2	  B
psfgen) Warning: failed to set coordinate for atom HE1	 PHE:2	  B
psfgen) Warning: failed to set coordinate for atom CZ	 PHE:2	  B
psfgen) Warning: failed to set coordinate for atom HZ	 PHE:2	  B
psfgen) Warning: failed to set coordinate for atom CD2	 PHE:2	  B
psfgen) Warning: failed to set coordinate for atom HD2	 PHE:2	  B
psfgen) Warning: failed to set coordinate for atom CE2	 PHE:2	  B
psfgen) Warning: failed to set coordinate for atom HE2	 PHE:2	  B
psfgen) Warning: failed to set coordinate for atom HA	 CYS:3	  B
psfgen) Warning: failed to set coordinate for atom CB	 CYS:3	  B
psfgen) Warning: failed to set coordinate for atom HB1	 CYS:3	  B
psfgen) Warning: failed to set coordinate for atom HB2	 CYS:3	  B
psfgen) Warning: failed to set coordinate for atom SG	 CYS:3	  B
psfgen) applying patch DISU to 2 residues
psfgen) regenerating all angles
psfgen) regenerating all dihedrals
psfgen) Info: guessing coordinates for 12 atoms (2 non-hydrogen)
psfgen) Warning: poorly guessed coordinates for 2 atoms (0 non-hydrogen):
psfgen) Warning: poorly guessed coordinate for atom HT3	 GLY:1	  A
psfgen) Warning: poorly guessed coordinate for atom HT3	 GLY:1	  B
psfgen) Info: writing pdb file G_C_G.pdb
psfgen) Info: Atoms with guessed coordinates will have occupancy of 0.0.
psfgen) Info: pdb file complete.
psfgen) Info: writing psf file G_C_G.psf
psfgen) total of 54 atoms
psfgen) total of 53 bonds
psfgen) total of 92 angles
psfgen) total of 119 dihedrals
psfgen) total of 10 impropers
psfgen) total of 0 explicit exclusions
psfgen) total of 2 cross-terms
psfgen) Info: psf file complete.
A:3 
A:1 
B:3 
B:1 
A:2 B:2 
Info) VMD for LINUXAMD64, version 1.9.3 (November 30, 2016)
Info) Exiting normally.
vmd > 