                      :-) GROMACS - gmx mdrun, 2024.2 (-:

Copyright 1991-2024 The GROMACS Authors.
GROMACS is free software; you can redistribute it and/or modify it
under the terms of the GNU Lesser General Public License
as published by the Free Software Foundation; either version 2.1
of the License, or (at your option) any later version.

                         Current GROMACS contributors:
       Mark Abraham           Andrey Alekseenko           Vladimir Basov      
      Cathrine Bergh            Eliane Briand               Ania Brown        
      Mahesh Doijade            Giacomo Fiorin          Stefan Fleischmann    
      Sergey Gorelov         Gilles Gouaillardet            Alan Gray         
     M. Eric Irrgang         Farzaneh Jalalypour            Joe Jordan        
     Carsten Kutzner           Justin A. Lemkul          Magnus Lundborg      
       Pascal Merz              Vedran Miletic            Dmitry Morozov      
       Julien Nabet              Szilard Pall        Andrea Pasquadibisceglie 
    Michele Pellegrino          Hubert Santuz             Roland Schulz       
     Tatiana Shugaeva          Alexey Shvetsov            Philip Turner       
     Alessandra Villa      Sebastian Wingbermuehle  

                         Previous GROMACS contributors:
        Emile Apol             Rossen Apostolov           James Barnett       
        Paul Bauer          Herman J.C. Berendsen          Par Bjelkmar       
      Christian Blau          Viacheslav Bolnykh            Kevin Boyd        
    Aldert van Buuren          Carlo Camilloni           Rudi van Drunen      
      Anton Feenstra           Oliver Fleetwood            Vytas Gapsys       
       Gaurav Garg             Gerrit Groenhof            Bert de Groot       
      Anca Hamuraru           Vincent Hindriksen          Victor Holanda      
     Aleksei Iupinov          Christoph Junghans        Prashanth Kanduri     
   Dimitrios Karkoulis           Peter Kasson             Sebastian Kehl      
     Sebastian Keller             Jiri Kraus               Per Larsson        
      Viveca Lindahl            Erik Marklund           Pieter Meulenhoff     
      Teemu Murtola              Sander Pronk             Michael Shirts      
      Alfons Sijbers            Balint Soproni         David van der Spoel    
      Peter Tieleman            Carsten Uphoff             Jon Vincent        
     Teemu Virolainen         Christian Wennberg           Maarten Wolf       
      Artem Zhmurov       

                  Coordinated by the GROMACS project leaders:
                           Berk Hess and Erik Lindahl

GROMACS:      gmx mdrun, version 2024.2
Executable:   /opt/apps/gromacs/2024.2/gcc/11.2.0/cuda/11.7.1/bin/gmx
Data prefix:  /opt/apps/gromacs/2024.2/gcc/11.2.0/cuda/11.7.1
Working dir:  /dfs9/tw/yuanmis1/mrsec/ML-MD-Peptide/SIRAH/WT4_box
Process ID:   3299672
Command line:
  gmx mdrun -deffnm NPT_solvent -v

GROMACS version:     2024.2
Precision:           mixed
Memory model:        64 bit
MPI library:         thread_mpi
OpenMP support:      enabled (GMX_OPENMP_MAX_THREADS = 128)
GPU support:         CUDA
NBNxM GPU setup:     super-cluster 2x2x2 / cluster 8
SIMD instructions:   AVX2_128
CPU FFT library:     fftw-3.3.8-sse2-avx-avx2-avx2_128
GPU FFT library:     cuFFT
Multi-GPU FFT:       none
RDTSCP usage:        enabled
TNG support:         enabled
Hwloc support:       disabled
Tracing support:     disabled
C compiler:          /opt/apps/gcc/11.2.0/bin/gcc GNU 11.2.0
C compiler flags:    -fexcess-precision=fast -funroll-all-loops -mavx2 -mfma -Wno-missing-field-initializers -O3 -DNDEBUG
C++ compiler:        /opt/apps/gcc/11.2.0/bin/g++ GNU 11.2.0
C++ compiler flags:  -fexcess-precision=fast -funroll-all-loops -mavx2 -mfma -Wno-missing-field-initializers -Wno-cast-function-type-strict -fopenmp -O3 -DNDEBUG
BLAS library:        External - detected on the system
LAPACK library:      External - detected on the system
CUDA compiler:       /opt/apps/cuda/11.7.1/bin/nvcc nvcc: NVIDIA (R) Cuda compiler driver;Copyright (c) 2005-2022 NVIDIA Corporation;Built on Wed_Jun__8_16:49:14_PDT_2022;Cuda compilation tools, release 11.7, V11.7.99;Build cuda_11.7.r11.7/compiler.31442593_0
CUDA compiler flags:-std=c++17;--generate-code=arch=compute_35,code=sm_35;--generate-code=arch=compute_37,code=sm_37;--generate-code=arch=compute_50,code=sm_50;--generate-code=arch=compute_52,code=sm_52;--generate-code=arch=compute_60,code=sm_60;--generate-code=arch=compute_61,code=sm_61;--generate-code=arch=compute_70,code=sm_70;--generate-code=arch=compute_75,code=sm_75;--generate-code=arch=compute_80,code=sm_80;--generate-code=arch=compute_86,code=sm_86;-Wno-deprecated-gpu-targets;--generate-code=arch=compute_53,code=sm_53;--generate-code=arch=compute_80,code=sm_80;-use_fast_math;-Xptxas;-warn-double-usage;-Xptxas;-Werror;-D_FORCE_INLINES;-Xcompiler;-fopenmp;-fexcess-precision=fast -funroll-all-loops -mavx2 -mfma -Wno-missing-field-initializers -Wno-cast-function-type-strict -fopenmp -O3 -DNDEBUG
CUDA driver:         0.0
CUDA runtime:        N/A


Running on 1 node with total 10 cores, 10 processing units (GPU detection failed)
Hardware detected on host hpc3-14-02:
  CPU info:
    Vendor: Intel
    Brand:  Intel(R) Xeon(R) Gold 6148 CPU @ 2.40GHz
    Family: 6   Model: 85   Stepping: 4
    Features: aes apic avx avx2 avx512f avx512cd avx512bw avx512vl avx512secondFMA clfsh cmov cx8 cx16 f16c fma hle htt intel lahf mmx msr nonstop_tsc pcid pclmuldq pdcm pdpe1gb popcnt pse rdrnd rdtscp rtm sse2 sse3 sse4.1 sse4.2 ssse3 tdt x2apic
    Number of AVX-512 FMA units: 2
  Hardware topology: Basic
    Packages, cores, and logical processors:
    [indices refer to OS logical processors]
      Package  0: [   5] [   9] [  11] [  13] [  14]
      Package  1: [  28] [  35] [  36] [  37] [  38]
    CPU limit set by OS: -1   Recommended max number of threads: 10

Likely fastest SIMD instructions supported by all nodes: AVX_512
SIMD instructions selected at compile time:              AVX2_128


++++ PLEASE READ AND CITE THE FOLLOWING REFERENCE ++++
M. J. Abraham, T. Murtola, R. Schulz, S. Páll, J. C. Smith, B. Hess, E.
Lindahl
GROMACS: High performance molecular simulations through multi-level
parallelism from laptops to supercomputers
SoftwareX 1 (2015) pp. 19-25
-------- -------- --- Thank You --- -------- --------


++++ PLEASE READ AND CITE THE FOLLOWING REFERENCE ++++
S. Páll, M. J. Abraham, C. Kutzner, B. Hess, E. Lindahl
Tackling Exascale Software Challenges in Molecular Dynamics Simulations with
GROMACS
In S. Markidis & E. Laure (Eds.), Solving Software Challenges for Exascale 8759 (2015) pp. 3-27
-------- -------- --- Thank You --- -------- --------


++++ PLEASE READ AND CITE THE FOLLOWING REFERENCE ++++
S. Pronk, S. Páll, R. Schulz, P. Larsson, P. Bjelkmar, R. Apostolov, M. R.
Shirts, J. C. Smith, P. M. Kasson, D. van der Spoel, B. Hess, and E. Lindahl
GROMACS 4.5: a high-throughput and highly parallel open source molecular
simulation toolkit
Bioinformatics 29 (2013) pp. 845-54
-------- -------- --- Thank You --- -------- --------


++++ PLEASE READ AND CITE THE FOLLOWING REFERENCE ++++
B. Hess and C. Kutzner and D. van der Spoel and E. Lindahl
GROMACS 4: Algorithms for highly efficient, load-balanced, and scalable
molecular simulation
J. Chem. Theory Comput. 4 (2008) pp. 435-447
-------- -------- --- Thank You --- -------- --------


++++ PLEASE READ AND CITE THE FOLLOWING REFERENCE ++++
D. van der Spoel, E. Lindahl, B. Hess, G. Groenhof, A. E. Mark and H. J. C.
Berendsen
GROMACS: Fast, Flexible and Free
J. Comp. Chem. 26 (2005) pp. 1701-1719
-------- -------- --- Thank You --- -------- --------


++++ PLEASE READ AND CITE THE FOLLOWING REFERENCE ++++
E. Lindahl and B. Hess and D. van der Spoel
GROMACS 3.0: A package for molecular simulation and trajectory analysis
J. Mol. Mod. 7 (2001) pp. 306-317
-------- -------- --- Thank You --- -------- --------


++++ PLEASE READ AND CITE THE FOLLOWING REFERENCE ++++
H. J. C. Berendsen, D. van der Spoel and R. van Drunen
GROMACS: A message-passing parallel molecular dynamics implementation
Comp. Phys. Comm. 91 (1995) pp. 43-56
-------- -------- --- Thank You --- -------- --------


++++ PLEASE CITE THE DOI FOR THIS VERSION OF GROMACS ++++
https://doi.org/10.5281/zenodo.11148655
-------- -------- --- Thank You --- -------- --------


The number of OpenMP threads was set by environment variable OMP_NUM_THREADS to 10

Input Parameters:
   integrator                     = md
   tinit                          = 0
   dt                             = 0.002
   nsteps                         = 10000
   init-step                      = 0
   simulation-part                = 1
   mts                            = false
   mass-repartition-factor        = 1
   comm-mode                      = Linear
   nstcomm                        = 100
   bd-fric                        = 0
   ld-seed                        = -5523457
   emtol                          = 10
   emstep                         = 0.01
   niter                          = 20
   fcstep                         = 0
   nstcgsteep                     = 1000
   nbfgscorr                      = 10
   rtpi                           = 0.05
   nstxout                        = 0
   nstvout                        = 0
   nstfout                        = 0
   nstlog                         = 1000
   nstcalcenergy                  = 100
   nstenergy                      = 0
   nstxout-compressed             = 1000
   compressed-x-precision         = 1000
   cutoff-scheme                  = Verlet
   nstlist                        = 10
   pbc                            = xyz
   periodic-molecules             = false
   verlet-buffer-tolerance        = 0.005
   verlet-buffer-pressure-tolerance = 0.5
   rlist                          = 1.2
   coulombtype                    = PME
   coulomb-modifier               = Potential-shift
   rcoulomb-switch                = 0
   rcoulomb                       = 1.2
   epsilon-r                      = 1
   epsilon-rf                     = inf
   vdw-type                       = Cut-off
   vdw-modifier                   = Potential-shift
   rvdw-switch                    = 0
   rvdw                           = 1.2
   DispCorr                       = No
   table-extension                = 1
   fourierspacing                 = 0.2
   fourier-nx                     = 80
   fourier-ny                     = 80
   fourier-nz                     = 80
   pme-order                      = 4
   ewald-rtol                     = 1e-05
   ewald-rtol-lj                  = 0.001
   lj-pme-comb-rule               = Geometric
   ewald-geometry                 = 3d
   epsilon-surface                = 0
   ensemble-temperature-setting   = constant
   ensemble-temperature           = 300
   tcoupl                         = V-rescale
   nsttcouple                     = 100
   nh-chain-length                = 0
   print-nose-hoover-chain-variables = false
   pcoupl                         = Parrinello-Rahman
   pcoupltype                     = Isotropic
   nstpcouple                     = 100
   tau-p                          = 8
   compressibility (3x3):
      compressibility[    0]={ 4.50000e-05,  0.00000e+00,  0.00000e+00}
      compressibility[    1]={ 0.00000e+00,  4.50000e-05,  0.00000e+00}
      compressibility[    2]={ 0.00000e+00,  0.00000e+00,  4.50000e-05}
   ref-p (3x3):
      ref-p[    0]={ 1.00000e+00,  0.00000e+00,  0.00000e+00}
      ref-p[    1]={ 0.00000e+00,  1.00000e+00,  0.00000e+00}
      ref-p[    2]={ 0.00000e+00,  0.00000e+00,  1.00000e+00}
   refcoord-scaling               = COM
   posres-com (3):
      posres-com[0]= 0.00000e+00
      posres-com[1]= 0.00000e+00
      posres-com[2]= 0.00000e+00
   posres-comB (3):
      posres-comB[0]= 0.00000e+00
      posres-comB[1]= 0.00000e+00
      posres-comB[2]= 0.00000e+00
   QMMM                           = false
qm-opts:
   ngQM                           = 0
   constraint-algorithm           = Lincs
   continuation                   = false
   Shake-SOR                      = false
   shake-tol                      = 0.0001
   lincs-order                    = 4
   lincs-iter                     = 1
   lincs-warnangle                = 30
   nwall                          = 0
   wall-type                      = 9-3
   wall-r-linpot                  = -1
   wall-atomtype[0]               = -1
   wall-atomtype[1]               = -1
   wall-density[0]                = 0
   wall-density[1]                = 0
   wall-ewald-zfac                = 3
   pull                           = false
   awh                            = false
   rotation                       = false
   interactiveMD                  = false
   disre                          = No
   disre-weighting                = Conservative
   disre-mixed                    = false
   dr-fc                          = 1000
   dr-tau                         = 0
   nstdisreout                    = 100
   orire-fc                       = 0
   orire-tau                      = 0
   nstorireout                    = 100
   free-energy                    = no
   cos-acceleration               = 0
   deform (3x3):
      deform[    0]={ 0.00000e+00,  0.00000e+00,  0.00000e+00}
      deform[    1]={ 0.00000e+00,  0.00000e+00,  0.00000e+00}
      deform[    2]={ 0.00000e+00,  0.00000e+00,  0.00000e+00}
   simulated-tempering            = false
   swapcoords                     = no
   userint1                       = 0
   userint2                       = 0
   userint3                       = 0
   userint4                       = 0
   userreal1                      = 0
   userreal2                      = 0
   userreal3                      = 0
   userreal4                      = 0
   applied-forces:
     electric-field:
       x:
         E0                       = 0
         omega                    = 0
         t0                       = 0
         sigma                    = 0
       y:
         E0                       = 0
         omega                    = 0
         t0                       = 0
         sigma                    = 0
       z:
         E0                       = 0
         omega                    = 0
         t0                       = 0
         sigma                    = 0
     density-guided-simulation:
       active                     = false
       group                      = protein
       similarity-measure         = inner-product
       atom-spreading-weight      = unity
       force-constant             = 1e+09
       gaussian-transform-spreading-width = 0.2
       gaussian-transform-spreading-range-in-multiples-of-width = 4
       reference-density-filename = reference.mrc
       nst                        = 1
       normalize-densities        = true
       adaptive-force-scaling     = false
       adaptive-force-scaling-time-constant = 4
       shift-vector               = 
       transformation-matrix      = 
     qmmm-cp2k:
       active                     = false
       qmgroup                    = System
       qmmethod                   = PBE
       qmfilenames                = 
       qmcharge                   = 0
       qmmultiplicity             = 1
     colvars:
       active                     = false
       configfile                 = 
       seed                       = -1
grpopts:
   nrdf:      140613
   ref-t:         300
   tau-t:           2
annealing:          No
annealing-npoints:           0
   acc:	           0           0           0
   nfreeze:           N           N           N
   energygrp-flags[  0]: 0

Changing nstlist from 10 to 100, rlist from 1.2 to 1.239

When checking whether update groups are usable:
  No constraints or virtual sites are in use, so it is best not to use update groups

Initializing Domain Decomposition on 1 ranks
Dynamic load balancing: auto
Minimum cell size due to atom displacement: 0.304 nm
Initial maximum distances in bonded interactions:
    two-body bonded interactions: 0.518 nm, Bond, atoms 39753 39756
Minimum cell size due to bonded interactions: 0.000 nm
Using 0 separate PME ranks because: there are too few total ranks for efficient splitting
Optimizing the DD grid for 1 cells with a minimum initial size of 0.304 nm
The maximum allowed number of cells is: X 52 Y 52 Z 52
Domain decomposition grid 1 x 1 x 1, separate PME ranks 0
PME domain decomposition: 1 x 1 x 1

The initial number of communication pulses is:
The initial domain decomposition cell size is:

The maximum allowed distance for atoms involved in interactions is:
                 non-bonded interactions           1.239 nm
(the following are initial values, they could change due to box deformation)
            two-body bonded interactions  (-rdd)   1.239 nm
          multi-body bonded interactions  (-rdd)   1.239 nm

When dynamic load balancing gets turned on, these settings will change to:
The maximum number of communication pulses is:
The minimum size for domain decomposition cells is 1.239 nm
The requested allowed shrink of DD cells (option -dds) is: 0.80
The allowed shrink of domain decomposition cells is:
The maximum allowed distance for atoms involved in interactions is:
                 non-bonded interactions           1.239 nm
            two-body bonded interactions  (-rdd)   1.239 nm
          multi-body bonded interactions  (-rdd)   1.239 nm

Using 1 MPI thread

Non-default thread affinity set, disabling internal thread affinity

Using 10 OpenMP threads 

System total charge: 0.000
Will do PME sum in reciprocal space for electrostatic interactions.

++++ PLEASE READ AND CITE THE FOLLOWING REFERENCE ++++
U. Essmann, L. Perera, M. L. Berkowitz, T. Darden, H. Lee and L. G. Pedersen 
A smooth particle mesh Ewald method
J. Chem. Phys. 103 (1995) pp. 8577-8592
-------- -------- --- Thank You --- -------- --------

Using a Gaussian width (1/beta) of 0.384195 nm for Ewald
Potential shift: LJ r^-12: -1.122e-01 r^-6: -3.349e-01, Ewald -8.333e-06
Initialized non-bonded Coulomb Ewald tables, spacing: 1.02e-03 size: 1176



Using SIMD4xM 4x4 nonbonded short-range kernels

Using a dual 4x4 pair-list setup updated with dynamic pruning:
  outer list: updated every 100 steps, buffer 0.039 nm, rlist 1.239 nm
  inner list: updated every  25 steps, buffer 0.000 nm, rlist 1.200 nm
At tolerance 0.005 kJ/mol/ps per atom, equivalent classical 1x1 list would be:
  outer list: updated every 100 steps, buffer 0.075 nm, rlist 1.275 nm
  inner list: updated every  25 steps, buffer 0.034 nm, rlist 1.234 nm

The average pressure is off by at most 0.44 bar due to missing LJ interactions

Using Geometric Lennard-Jones combination rule
Removing pbc first time

Linking all bonded interactions to atoms


++++ PLEASE READ AND CITE THE FOLLOWING REFERENCE ++++
G. Bussi, D. Donadio and M. Parrinello
Canonical sampling through velocity rescaling
J. Chem. Phys. 126 (2007) pp. 014101
-------- -------- --- Thank You --- -------- --------

There are: 46872 Atoms

Atom distribution over 1 domains: av 46872 stddev 0 min 46872 max 46872
Center of mass motion removal mode is Linear
We have the following groups for center of mass motion removal:
  0:  rest
Initial temperature: 0 K

Started mdrun on rank 0 Mon Nov 11 23:42:21 2024

           Step           Time
              0        0.00000

   Energies (kJ/mol)
           Bond        LJ (SR)   Coulomb (SR)   Coul. recip.      Potential
    1.10688e+05    2.46866e+05   -1.01556e+06    8.04595e+04   -5.77544e+05
    Kinetic En.   Total Energy  Conserved En.    Temperature Pressure (bar)
    7.99944e+02   -5.76745e+05   -5.76498e+05    1.36845e+00    4.28309e+03

           Step           Time
           1000        2.00000

   Energies (kJ/mol)
           Bond        LJ (SR)   Coulomb (SR)   Coul. recip.      Potential
    1.31892e+05   -2.37653e+04   -9.32833e+05    7.85394e+04   -7.46167e+05
    Kinetic En.   Total Energy  Conserved En.    Temperature Pressure (bar)
    1.78495e+05   -5.67671e+05   -5.73928e+05    3.05349e+02   -4.41167e+02

           Step           Time
           2000        4.00000

   Energies (kJ/mol)
           Bond        LJ (SR)   Coulomb (SR)   Coul. recip.      Potential
    1.31617e+05   -2.05620e+04   -9.32565e+05    8.01288e+04   -7.41381e+05
    Kinetic En.   Total Energy  Conserved En.    Temperature Pressure (bar)
    1.74856e+05   -5.66525e+05   -5.73820e+05    2.99124e+02   -3.42296e+02

           Step           Time
           3000        6.00000

   Energies (kJ/mol)
           Bond        LJ (SR)   Coulomb (SR)   Coul. recip.      Potential
    1.33413e+05   -1.60418e+04   -9.43282e+05    7.74631e+04   -7.48448e+05
    Kinetic En.   Total Energy  Conserved En.    Temperature Pressure (bar)
    1.79072e+05   -5.69375e+05   -5.73889e+05    3.06337e+02   -2.86910e+02

           Step           Time
           4000        8.00000

   Energies (kJ/mol)
           Bond        LJ (SR)   Coulomb (SR)   Coul. recip.      Potential
    1.35784e+05   -1.27780e+04   -9.57820e+05    7.39294e+04   -7.60885e+05
    Kinetic En.   Total Energy  Conserved En.    Temperature Pressure (bar)
    1.84276e+05   -5.76609e+05   -5.72775e+05    3.15238e+02   -5.74438e+01

           Step           Time
           5000       10.00000

   Energies (kJ/mol)
           Bond        LJ (SR)   Coulomb (SR)   Coul. recip.      Potential
    1.38090e+05   -6.49396e+03   -9.73887e+05    7.04263e+04   -7.71865e+05
    Kinetic En.   Total Energy  Conserved En.    Temperature Pressure (bar)
    1.88999e+05   -5.82866e+05   -5.71277e+05    3.23318e+02    3.29228e+02

           Step           Time
           6000       12.00000

   Energies (kJ/mol)
           Bond        LJ (SR)   Coulomb (SR)   Coul. recip.      Potential
    1.39349e+05   -7.47345e+03   -9.80613e+05    6.84636e+04   -7.80273e+05
    Kinetic En.   Total Energy  Conserved En.    Temperature Pressure (bar)
    1.87959e+05   -5.92314e+05   -5.71134e+05    3.21540e+02    4.22902e+02

           Step           Time
           7000       14.00000

   Energies (kJ/mol)
           Bond        LJ (SR)   Coulomb (SR)   Coul. recip.      Potential
    1.35335e+05   -1.34039e+04   -9.73484e+05    6.90580e+04   -7.82495e+05
    Kinetic En.   Total Energy  Conserved En.    Temperature Pressure (bar)
    1.80846e+05   -6.01648e+05   -5.71108e+05    3.09372e+02    1.73760e+02

           Step           Time
           8000       16.00000

   Energies (kJ/mol)
           Bond        LJ (SR)   Coulomb (SR)   Coul. recip.      Potential
    1.33332e+05   -1.80964e+04   -9.62958e+05    7.09401e+04   -7.76782e+05
    Kinetic En.   Total Energy  Conserved En.    Temperature Pressure (bar)
    1.73481e+05   -6.03302e+05   -5.70404e+05    2.96771e+02   -1.11719e+02

           Step           Time
           9000       18.00000

   Energies (kJ/mol)
           Bond        LJ (SR)   Coulomb (SR)   Coul. recip.      Potential
    1.31424e+05   -1.94832e+04   -9.55259e+05    7.24666e+04   -7.70851e+05
    Kinetic En.   Total Energy  Conserved En.    Temperature Pressure (bar)
    1.72286e+05   -5.98565e+05   -5.70139e+05    2.94728e+02   -2.66016e+02

           Step           Time
          10000       20.00000

Writing checkpoint, step 10000 at Mon Nov 11 23:42:55 2024


   Energies (kJ/mol)
           Bond        LJ (SR)   Coulomb (SR)   Coul. recip.      Potential
    1.33838e+05   -1.80157e+04   -9.57580e+05    7.26264e+04   -7.69132e+05
    Kinetic En.   Total Energy  Conserved En.    Temperature Pressure (bar)
    1.74139e+05   -5.94993e+05   -5.70255e+05    2.97897e+02   -2.43665e+02


Energy conservation over simulation part #1 of length 20 ps, time 0 to 20 ps
  Conserved energy drift: 6.66e-03 kJ/mol/ps per atom


	<======  ###############  ==>
	<====  A V E R A G E S  ====>
	<==  ###############  ======>

	Statistics over 10001 steps using 101 frames

   Energies (kJ/mol)
           Bond        LJ (SR)   Coulomb (SR)   Coul. recip.      Potential
    1.34638e+05   -1.16829e+04   -9.58618e+05    7.37342e+04   -7.61929e+05
    Kinetic En.   Total Energy  Conserved En.    Temperature Pressure (bar)
    1.78051e+05   -5.83878e+05   -5.72151e+05    3.04589e+02   -9.01321e+00

          Box-X          Box-Y          Box-Z
    1.60616e+01    1.60616e+01    1.60616e+01

   Total Virial (kJ/mol)
    5.68548e+04   -5.48066e+03   -6.36284e+03
   -5.48064e+03    7.24025e+04   -3.54261e+03
   -6.36281e+03   -3.54262e+03    5.72109e+04

   Pressure (bar)
    3.38786e+01    4.41881e+01    5.12510e+01
    4.41880e+01   -8.83187e+01    2.67413e+01
    5.12507e+01    2.67414e+01    2.74005e+01


	M E G A - F L O P S   A C C O U N T I N G

 NB=Group-cutoff nonbonded kernels    NxN=N-by-N cluster Verlet kernels
 RF=Reaction-Field  VdW=Van der Waals  QSTab=quadratic-spline table
 W3=SPC/TIP3p  W4=TIP4p (single or pairs)
 V&F=Potential and force  V=Potential only  F=Force only

 Computing:                               M-Number         M-Flops  % Flops
-----------------------------------------------------------------------------
 Pair Search distance check             668.484086        6016.357     0.1
 NxN Ewald Elec. + LJ [F]             56569.026096     3733555.722    63.4
 NxN Ewald Elec. + LJ [V&F]             577.068792       61746.361     1.0
 NxN Ewald Elec. [F]                    578.719152       35301.868     0.6
 NxN Ewald Elec. [V&F]                    5.902664         495.824     0.0
 Calc Weights                          1406.300616       50626.822     0.9
 Spread Q Bspline                     30001.079808       60002.160     1.0
 Gather F Bspline                     30001.079808      180006.479     3.1
 3D-FFT                              194229.040962     1553832.328    26.4
 Solve PME                             2624.262400      167952.794     2.9
 Reset In Box                             4.734072          14.202     0.0
 CG-CoM                                   4.780944          14.343     0.0
 Bonds                                  703.150308       41485.868     0.7
 Virial                                   4.738617          85.295     0.0
 Stop-CM                                  4.780944          47.809     0.0
 Calc-Ekin                                9.468144         255.640     0.0
-----------------------------------------------------------------------------
 Total                                                 5891439.871   100.0
-----------------------------------------------------------------------------


    D O M A I N   D E C O M P O S I T I O N   S T A T I S T I C S

 av. #atoms communicated per step for force:  2 x 0.0


      R E A L   C Y C L E   A N D   T I M E   A C C O U N T I N G

On 1 MPI rank, each using 10 OpenMP threads

 Activity:              Num   Num      Call    Wall time         Giga-Cycles
                        Ranks Threads  Count      (s)         total sum    %
--------------------------------------------------------------------------------
 Domain decomp.            1   10        101       0.295          7.062   0.9
 Neighbor search           1   10        101       0.427         10.234   1.3
 Force                     1   10      10001      16.736        400.720  49.1
 PME mesh                  1   10      10001      15.348        367.485  45.1
 NB X/F buffer ops.        1   10      19901       0.628         15.038   1.8
 Write traj.               1   10         11       0.186          4.454   0.5
 Update                    1   10      10001       0.345          8.260   1.0
 Rest                                              0.089          2.136   0.3
--------------------------------------------------------------------------------
 Total                                            34.055        815.390 100.0
--------------------------------------------------------------------------------
 Breakdown of PME mesh activities
--------------------------------------------------------------------------------
 PME spread                1   10      10001       4.258        101.951  12.5
 PME gather                1   10      10001       3.827         91.623  11.2
 PME 3D-FFT                1   10      20002       6.507        155.791  19.1
 PME solve Elec            1   10      10001       0.710         16.994   2.1
--------------------------------------------------------------------------------

               Core t (s)   Wall t (s)        (%)
       Time:      340.540       34.055     1000.0
                 (ns/day)    (hour/ns)
Performance:       50.747        0.473
Finished mdrun on rank 0 Mon Nov 11 23:42:55 2024

