/dfs9/tw/yuanmis1/vmd/lib/vmd//vmd_LINUXAMD64: /lib64/libGL.so.1: no version information available (required by /dfs9/tw/yuanmis1/vmd/lib/vmd//vmd_LINUXAMD64)
Info) VMD for LINUXAMD64, version 1.9.3 (November 30, 2016)
Info) http://www.ks.uiuc.edu/Research/vmd/                         
Info) Email questions and bug reports to vmd@ks.uiuc.edu           
Info) Please include this reference in published work using VMD:   
Info)    Humphrey, W., Dalke, A. and Schulten, K., `VMD - Visual   
Info)    Molecular Dynamics', J. Molec. Graphics 1996, 14.1, 33-38.
Info) -------------------------------------------------------------
Info) Multithreading available, 40 CPUs detected.
Info)   CPU features: SSE2 AVX AVX2 FMA KNL:AVX-512F+CD+ER+PF 
Info) Free system memory: 169GB (90%)
Info) No CUDA accelerator devices available.
Info) Dynamically loaded 2 plugins in directory:
Info) /dfs9/tw/yuanmis1/vmd/lib/vmd/plugins/LINUXAMD64/molfile
Info) File loading in progress, please wait.
psfplugin) Detected a Charmm PSF file
Info) Using plugin psf for structure file C_G_G.psf
Info) Analyzing structure ...
Info)    Atoms: 54
Info)    Bonds: 53
Info)    Angles: 92  Dihedrals: 119  Impropers: 10  Cross-terms: 2
Info)    Bondtypes: 0  Angletypes: 0  Dihedraltypes: 0  Impropertypes: 0
Info)    Residues: 6
Info)    Waters: 0
Info)    Segments: 2
Info)    Fragments: 2   Protein: 2   Nucleic: 0
Info) Using plugin namdbin for coordinates from file minimization/C_G_G_min.coor
Info) Finished with coordinate file minimization/C_G_G_min.coor.
Info) Opened coordinate file AA_tripeptide_dimer_template_A.pdb for writing.
Info) Finished with coordinate file AA_tripeptide_dimer_template_A.pdb.
Info) Opened coordinate file AA_tripeptide_dimer_template_B.pdb for writing.
Info) Finished with coordinate file AA_tripeptide_dimer_template_B.pdb.
Info) VMD for LINUXAMD64, version 1.9.3 (November 30, 2016)
Info) Exiting normally.
vmd > 